<?xml version="1.0" encoding="UTF-8"?>
<!-- Generated by org.testng.reporters.JUnitXMLReporter -->
<testsuite ignored="0" hostname="LUCKY" failures="1" tests="6" name="Surefire test" time="29.477" errors="0" timestamp="2024-06-07T13:25:10 IST">
  <testcase classname="Pranavraj.Test.ErrorValidationLoginTest" name="loginErrorValidation" time="1.597">
    <skipped/>
  </testcase> <!-- loginErrorValidation -->
  <testcase classname="Pranavraj.Test.ErrorValidationLoginTest" name="loginErrorValidation" time="1.378">
    <failure type="java.lang.AssertionError" message="expected [Incorrect email or password.] but found [Incorrect email r password.]">
      <![CDATA[java.lang.AssertionError: expected [Incorrect email or password.] but found [Incorrect email r password.]
at Pranavraj.Test.ErrorValidationLoginTest.loginErrorValidation(ErrorValidationLoginTest.java:23)
at java.base/java.util.ArrayList.forEach(ArrayList.java:1597)
... Removed 36 stack frames]]>
    </failure>
  </testcase> <!-- loginErrorValidation -->
  <testcase classname="Pranavraj.Test.ErrorValidationLoginTest" name="productErrorValidation" time="2.39"/>
  <testcase classname="Pranavraj.Test.submitorderTest" name="submitorder" time="3.28"/>
  <testcase classname="Pranavraj.Test.submitorderTest" name="submitorder" time="3.25"/>
  <testcase classname="Pranavraj.Test.submitorderTest" name="OrderTest" time="0.971"/>
</testsuite> <!-- Surefire test -->
