<?xml version="1.0" encoding="UTF-8"?>
<!-- Generated by org.testng.reporters.JUnitXMLReporter -->
<testsuite ignored="2" hostname="LUCKY" failures="0" tests="0" time="5.663" errors="0" timestamp="2024-06-05T11:32:48 IST">
  <testcase classname="Pranavraj.Test.ErrorValidationinlogiinTest" name="loginErrorValidation" time="0.0">
    <ignored/>
  </testcase> <!-- loginErrorValidation -->
  <testcase classname="Pranavraj.Test.ErrorValidationinlogiinTest" name="productErrorValidation" time="0.0">
    <ignored/>
  </testcase> <!-- productErrorValidation -->
</testsuite>
