<?xml version="1.0" encoding="UTF-8"?>
<!-- Generated by org.testng.reporters.JUnitXMLReporter -->
<testsuite ignored="1" hostname="LUCKY" failures="0" tests="2" name="SubmitOrderTest" time="19.143" errors="0" timestamp="2024-06-06T14:39:22 IST">
  <testcase classname="Pranavraj.Test.submitorderTest" name="submitorder" time="3.874"/>
  <testcase classname="Pranavraj.Test.submitorderTest" name="submitorder" time="4.087"/>
  <testcase classname="Pranavraj.Test.submitorderTest" name="OrderTest" time="0.0">
    <ignored/>
  </testcase> <!-- OrderTest -->
</testsuite> <!-- SubmitOrderTest -->
