<?xml version="1.0" encoding="UTF-8"?>
<!-- Generated by org.testng.reporters.JUnitXMLReporter -->
<testsuite ignored="0" hostname="LUCKY" failures="0" tests="3" name="Submit Order Test" time="29.801" errors="0" timestamp="2024-07-06T12:06:05 IST">
  <testcase classname="Pranavraj.Test.submitorderTest" name="submitorder" time="3.639"/>
  <testcase classname="Pranavraj.Test.submitorderTest" name="submitorder" time="4.889"/>
  <testcase classname="Pranavraj.Test.submitorderTest" name="OrderTest" time="0.876"/>
</testsuite> <!-- Submit Order Test -->
