<?xml version="1.0" encoding="UTF-8"?>
<!-- Generated by org.testng.reporters.JUnitXMLReporter -->
<testsuite ignored="0" hostname="LUCKY" failures="0" tests="3" name="Submit Order Test" time="32.588" errors="0" timestamp="2024-07-06T15:06:10 IST">
  <testcase classname="Pranavraj.Test.submitorderTest" name="submitorder" time="3.977"/>
  <testcase classname="Pranavraj.Test.submitorderTest" name="submitorder" time="3.862"/>
  <testcase classname="Pranavraj.Test.submitorderTest" name="OrderTest" time="0.811"/>
</testsuite> <!-- Submit Order Test -->
