<?xml version="1.0" encoding="UTF-8"?>
<!-- Generated by org.testng.reporters.JUnitXMLReporter -->
<testsuite ignored="2" hostname="LUCKY" failures="0" tests="0" time="0.026" errors="0" timestamp="2024-06-07T13:55:47 IST">
  <testcase classname="Pranavraj.Test.ErrorValidationLoginTest" name="productErrorValidation" time="0.0">
    <ignored/>
  </testcase> <!-- productErrorValidation -->
  <testcase classname="Pranavraj.Test.ErrorValidationLoginTest" name="loginErrorValidation" time="0.0">
    <ignored/>
  </testcase> <!-- loginErrorValidation -->
</testsuite>
