<?xml version="1.0" encoding="UTF-8"?>
<!-- Generated by org.testng.reporters.JUnitXMLReporter -->
<testsuite ignored="0" hostname="LUCKY" failures="1" tests="3" name="Submit Order Test" time="48.144" errors="0" timestamp="2024-07-06T13:40:48 IST">
  <testcase classname="Pranavraj.Test.submitorderTest" name="submitorder" time="16.703"/>
  <testcase classname="Pranavraj.Test.submitorderTest" name="submitorder" time="12.897">
    <failure type="java.lang.AssertionError" message="expected [true] but found [false]">
      <![CDATA[java.lang.AssertionError: expected [true] but found [false]
at Pranavraj.Test.submitorderTest.submitorder(submitorderTest.java:36)
at java.base/java.util.ArrayList.forEach(ArrayList.java:1597)
at java.base/java.util.concurrent.FutureTask.run(FutureTask.java:317)
at java.base/java.util.concurrent.ThreadPoolExecutor.runWorker(ThreadPoolExecutor.java:1144)
at java.base/java.util.concurrent.ThreadPoolExecutor$Worker.run(ThreadPoolExecutor.java:642)
at java.base/java.lang.Thread.run(Thread.java:1570)
... Removed 19 stack frames]]>
    </failure>
  </testcase> <!-- submitorder -->
  <testcase classname="Pranavraj.Test.submitorderTest" name="OrderTest" time="0.0">
    <skipped/>
  </testcase> <!-- OrderTest -->
</testsuite> <!-- Submit Order Test -->
