<?xml version="1.0" encoding="UTF-8"?>
<!-- Generated by org.testng.reporters.JUnitXMLReporter -->
<testsuite ignored="1" hostname="LUCKY" failures="0" tests="2" name="SubmitOrderTest" time="19.145" errors="0" timestamp="2024-06-07T13:56:06 IST">
  <testcase classname="Pranavraj.Test.submitorderTest" name="submitorder" time="3.669"/>
  <testcase classname="Pranavraj.Test.submitorderTest" name="submitorder" time="3.22"/>
  <testcase classname="Pranavraj.Test.submitorderTest" name="OrderTest" time="0.0">
    <ignored/>
  </testcase> <!-- OrderTest -->
</testsuite> <!-- SubmitOrderTest -->
